Using pre-set license
Built from '2021.3/staging' branch; Version is '2021.3.18f1 (3129e69bc0c7) revision 3221990'; Using compiler version '192829333'; Build Type 'Release'
OS: 'Windows 10  (10.0.19044) 64bit Professional' Language: 'es' Physical Memory: 16168 MB
BatchMode: 1, IsHumanControllingUs: 0, StartBugReporterOnCrash: 0, Is64bit: 1, IsPro: 1

COMMAND LINE ARGUMENTS:
C:\Program Files\Unity\Hub\Editor\2021.3.18f1\Editor\Unity.exe
-adb2
-batchMode
-noUpm
-name
AssetImportWorker0
-projectPath
C:/Users/dan20/Desktop/Daniel Luque/Personal/UEM/2º/Proyecto de Videojuegos 2/GIT Proyecto/spookyjobs
-logFile
Logs/AssetImportWorker0.log
-srvPort
60023
Successfully changed project path to: C:/Users/dan20/Desktop/Daniel Luque/Personal/UEM/2º/Proyecto de Videojuegos 2/GIT Proyecto/spookyjobs
C:/Users/dan20/Desktop/Daniel Luque/Personal/UEM/2º/Proyecto de Videojuegos 2/GIT Proyecto/spookyjobs
[UnityMemory] Configuration Parameters - Can be set up in boot.config
    "memorysetup-bucket-allocator-granularity=16"
    "memorysetup-bucket-allocator-bucket-count=8"
    "memorysetup-bucket-allocator-block-size=33554432"
    "memorysetup-bucket-allocator-block-count=8"
    "memorysetup-main-allocator-block-size=16777216"
    "memorysetup-thread-allocator-block-size=16777216"
    "memorysetup-gfx-main-allocator-block-size=16777216"
    "memorysetup-gfx-thread-allocator-block-size=16777216"
    "memorysetup-cache-allocator-block-size=4194304"
    "memorysetup-typetree-allocator-block-size=2097152"
    "memorysetup-profiler-bucket-allocator-granularity=16"
    "memorysetup-profiler-bucket-allocator-bucket-count=8"
    "memorysetup-profiler-bucket-allocator-block-size=33554432"
    "memorysetup-profiler-bucket-allocator-block-count=8"
    "memorysetup-profiler-allocator-block-size=16777216"
    "memorysetup-profiler-editor-allocator-block-size=1048576"
    "memorysetup-temp-allocator-size-main=16777216"
    "memorysetup-job-temp-allocator-block-size=2097152"
    "memorysetup-job-temp-allocator-block-size-background=1048576"
    "memorysetup-job-temp-allocator-reduction-small-platforms=262144"
    "memorysetup-temp-allocator-size-background-worker=32768"
    "memorysetup-temp-allocator-size-job-worker=262144"
    "memorysetup-temp-allocator-size-preload-manager=33554432"
    "memorysetup-temp-allocator-size-nav-mesh-worker=65536"
    "memorysetup-temp-allocator-size-audio-worker=65536"
    "memorysetup-temp-allocator-size-cloud-worker=32768"
    "memorysetup-temp-allocator-size-gi-baking-worker=262144"
    "memorysetup-temp-allocator-size-gfx=262144"
Player connection [16956] Host "[IP] 192.168.0.24 [Port] 0 [Flags] 2 [Guid] 890670993 [EditorId] 890670993 [Version] 1048832 [Id] WindowsEditor(7,DESKTOP-GG2037T) [Debug] 1 [PackageName] WindowsEditor [ProjectName] Editor" joined multi-casting on [225.0.0.222:54997]...

Player connection [16956] Host "[IP] 192.168.0.24 [Port] 0 [Flags] 2 [Guid] 890670993 [EditorId] 890670993 [Version] 1048832 [Id] WindowsEditor(7,DESKTOP-GG2037T) [Debug] 1 [PackageName] WindowsEditor [ProjectName] Editor" joined alternative multi-casting on [225.0.0.222:34997]...

Refreshing native plugins compatible for Editor in 123.42 ms, found 4 plugins.
Preloading 0 native plugins for Editor in 0.00 ms.
Initialize engine version: 2021.3.18f1 (3129e69bc0c7)
[Subsystems] Discovering subsystems at path C:/Program Files/Unity/Hub/Editor/2021.3.18f1/Editor/Data/Resources/UnitySubsystems
[Subsystems] Discovering subsystems at path C:/Users/dan20/Desktop/Daniel Luque/Personal/UEM/2º/Proyecto de Videojuegos 2/GIT Proyecto/spookyjobs/Assets
GfxDevice: creating device client; threaded=0; jobified=0
Direct3D:
    Version:  Direct3D 11.0 [level 11.1]
    Renderer: NVIDIA GeForce RTX 2060 (ID=0x1f15)
    Vendor:   NVIDIA
    VRAM:     5980 MB
    Driver:   31.0.15.1659
Initialize mono
Mono path[0] = 'C:/Program Files/Unity/Hub/Editor/2021.3.18f1/Editor/Data/Managed'
Mono path[1] = 'C:/Program Files/Unity/Hub/Editor/2021.3.18f1/Editor/Data/MonoBleedingEdge/lib/mono/unityjit-win32'
Mono config path = 'C:/Program Files/Unity/Hub/Editor/2021.3.18f1/Editor/Data/MonoBleedingEdge/etc'
Using monoOptions --debugger-agent=transport=dt_socket,embedding=1,server=y,suspend=n,address=127.0.0.1:56192
Begin MonoManager ReloadAssembly
Registering precompiled unity dll's ...
Register platform support module: C:/Program Files/Unity/Hub/Editor/2021.3.18f1/Editor/Data/PlaybackEngines/WebGLSupport/UnityEditor.WebGL.Extensions.dll
Register platform support module: C:/Program Files/Unity/Hub/Editor/2021.3.18f1/Editor/Data/PlaybackEngines/WindowsStandaloneSupport/UnityEditor.WindowsStandalone.Extensions.dll
Registered in 0.009725 seconds.
Native extension for WindowsStandalone target not found
Native extension for WebGL target not found
Refreshing native plugins compatible for Editor in 124.27 ms, found 4 plugins.
Preloading 0 native plugins for Editor in 0.00 ms.
Mono: successfully reloaded assembly
- Completed reload, in  0.811 seconds
Domain Reload Profiling:
	ReloadAssembly (811ms)
		BeginReloadAssembly (89ms)
			ExecutionOrderSort (0ms)
			DisableScriptedObjects (0ms)
			BackupInstance (0ms)
			ReleaseScriptingObjects (0ms)
			CreateAndSetChildDomain (1ms)
		EndReloadAssembly (590ms)
			LoadAssemblies (86ms)
			RebuildTransferFunctionScriptingTraits (0ms)
			SetupTypeCache (129ms)
			ReleaseScriptCaches (0ms)
			RebuildScriptCaches (35ms)
			SetupLoadedEditorAssemblies (363ms)
				LogAssemblyErrors (0ms)
				InitializePlatformSupportModulesInManaged (11ms)
				SetLoadedEditorAssemblies (0ms)
				RefreshPlugins (124ms)
				BeforeProcessingInitializeOnLoad (1ms)
				ProcessInitializeOnLoadAttributes (177ms)
				ProcessInitializeOnLoadMethodAttributes (49ms)
				AfterProcessingInitializeOnLoad (0ms)
				EditorAssembliesLoaded (0ms)
			ExecutionOrderSort2 (0ms)
			AwakeInstancesAfterBackupRestoration (0ms)
Platform modules already initialized, skipping
Registering precompiled user dll's ...
Registered in 0.010120 seconds.
Begin MonoManager ReloadAssembly
Symbol file LoadedFromMemory doesn't match image C:\Users\dan20\Desktop\Daniel Luque\Personal\UEM\2º\Proyecto de Videojuegos 2\GIT Proyecto\spookyjobs\Library\PackageCache\com.unity.visualscripting@1.8.0\Editor\VisualScripting.Core\Dependencies\YamlDotNet\Unity.VisualScripting.YamlDotNet.dll
Symbol file LoadedFromMemory doesn't match image C:\Users\dan20\Desktop\Daniel Luque\Personal\UEM\2º\Proyecto de Videojuegos 2\GIT Proyecto\spookyjobs\Library\PackageCache\com.unity.visualscripting@1.8.0\Editor\VisualScripting.Core\Dependencies\DotNetZip\Unity.VisualScripting.IonicZip.dll
Native extension for WindowsStandalone target not found
Native extension for WebGL target not found
Refreshing native plugins compatible for Editor in 113.20 ms, found 4 plugins.
Preloading 0 native plugins for Editor in 0.00 ms.
Mono: successfully reloaded assembly
- Completed reload, in  1.461 seconds
Domain Reload Profiling:
	ReloadAssembly (1461ms)
		BeginReloadAssembly (142ms)
			ExecutionOrderSort (0ms)
			DisableScriptedObjects (7ms)
			BackupInstance (0ms)
			ReleaseScriptingObjects (0ms)
			CreateAndSetChildDomain (21ms)
		EndReloadAssembly (1178ms)
			LoadAssemblies (113ms)
			RebuildTransferFunctionScriptingTraits (0ms)
			SetupTypeCache (350ms)
			ReleaseScriptCaches (1ms)
			RebuildScriptCaches (72ms)
			SetupLoadedEditorAssemblies (597ms)
				LogAssemblyErrors (0ms)
				InitializePlatformSupportModulesInManaged (7ms)
				SetLoadedEditorAssemblies (0ms)
				RefreshPlugins (113ms)
				BeforeProcessingInitializeOnLoad (119ms)
				ProcessInitializeOnLoadAttributes (298ms)
				ProcessInitializeOnLoadMethodAttributes (49ms)
				AfterProcessingInitializeOnLoad (10ms)
				EditorAssembliesLoaded (0ms)
			ExecutionOrderSort2 (0ms)
			AwakeInstancesAfterBackupRestoration (7ms)
Platform modules already initialized, skipping
========================================================================
Worker process is ready to serve import requests
Launched and connected shader compiler UnityShaderCompiler.exe after 0.04 seconds
Refreshing native plugins compatible for Editor in 0.72 ms, found 4 plugins.
Preloading 0 native plugins for Editor in 0.00 ms.
Unloading 3927 Unused Serialized files (Serialized files now loaded: 0)
Unloading 38 unused Assets / (114.1 KB). Loaded Objects now: 4394.
Memory consumption went from 155.0 MB to 154.8 MB.
Total: 3.968900 ms (FindLiveObjects: 0.351600 ms CreateObjectMapping: 0.324500 ms MarkObjects: 3.161400 ms  DeleteObjects: 0.130400 ms)

AssetImportParameters requested are different than current active one (requested -> active):
  custom:video-decoder-ogg-theora: a1e56fd34408186e4bbccfd4996cb3dc -> 
  custom:container-muxer-webm: aa71ff27fc2769a1b78a27578f13a17b -> 
  custom:container-demuxer-webm: 4f35f7cbe854078d1ac9338744f61a02 -> 
  custom:video-encoder-webm-vp8: eb34c28f22e8b96e1ab97ce403110664 -> 
  custom:audio-encoder-webm-vorbis: bf7c407c2cedff20999df2af8eb42d56 -> 
  custom:framework-win-MediaFoundation: 216162199b28c13a410421893ffa2e32 -> 
  custom:container-demuxer-ogg: 62fdf1f143b41e24485cea50d1cbac27 -> 
  custom:video-decoder-webm-vp8: 9c59270c3fd7afecdb556c50c9e8de78 -> 
  custom:audio-decoder-ogg-vorbis: bf7c407c2cedff20999df2af8eb42d56 -> 
========================================================================
Received Import Request.
  Time since last request: 884482.163956 seconds.
  path: Assets/Assets/biombo 1.fbx
  artifactKey: Guid(13add5a3230ecdf47b3dca24b93dd100) Importer(815301076,1909f56bfc062723c751e8b465ee728b)
Start importing Assets/Assets/biombo 1.fbx using Guid(13add5a3230ecdf47b3dca24b93dd100) Importer(815301076,1909f56bfc062723c751e8b465ee728b)  -> (artifact id: '5b38d8fbc7fe4675b1f0a41a6370bc3d') in 0.208840 seconds 
========================================================================
Received Import Request.
  Time since last request: 20.349546 seconds.
  path: Assets/Assets/biombo 1.fbx
  artifactKey: Guid(13add5a3230ecdf47b3dca24b93dd100) Importer(815301076,1909f56bfc062723c751e8b465ee728b)
Start importing Assets/Assets/biombo 1.fbx using Guid(13add5a3230ecdf47b3dca24b93dd100) Importer(815301076,1909f56bfc062723c751e8b465ee728b)  -> (artifact id: 'f2342ce4ed3ee01345226ec967b0b00f') in 0.049003 seconds 
========================================================================
Received Import Request.
  Time since last request: 8.269266 seconds.
  path: Assets/Assets/perchaSuero 1.fbx
  artifactKey: Guid(8764978086eef4b469eaa00a5e9761dc) Importer(815301076,1909f56bfc062723c751e8b465ee728b)
Start importing Assets/Assets/perchaSuero 1.fbx using Guid(8764978086eef4b469eaa00a5e9761dc) Importer(815301076,1909f56bfc062723c751e8b465ee728b)  -> (artifact id: 'c4352f25f0556863fbc2ee358825875e') in 0.017421 seconds 
========================================================================
Received Import Request.
  Time since last request: 84.331997 seconds.
  path: Assets/Prefabs/Sala 1.prefab
  artifactKey: Guid(b381992fbe0613b478c38df392a59a41) Importer(815301076,1909f56bfc062723c751e8b465ee728b)
Start importing Assets/Prefabs/Sala 1.prefab using Guid(b381992fbe0613b478c38df392a59a41) Importer(815301076,1909f56bfc062723c751e8b465ee728b)  -> (artifact id: '3c79db10c1eef46a7bcef5f2782b5ec4') in 0.077062 seconds 
========================================================================
Received Import Request.
  Time since last request: 89.060416 seconds.
  path: Assets/Prefabs/Sala.prefab
  artifactKey: Guid(22e052832211c314eb729d0d2ec0cc84) Importer(815301076,1909f56bfc062723c751e8b465ee728b)
Start importing Assets/Prefabs/Sala.prefab using Guid(22e052832211c314eb729d0d2ec0cc84) Importer(815301076,1909f56bfc062723c751e8b465ee728b)  -> (artifact id: '0eb1269a3f77bf0ba76c3236108e68cc') in 0.046657 seconds 
========================================================================
Received Import Request.
  Time since last request: 1284.647662 seconds.
  path: Assets/Assets/camahospi 1.fbx
  artifactKey: Guid(950c65bd15d0a164e9d45872b02c8ab7) Importer(815301076,1909f56bfc062723c751e8b465ee728b)
Start importing Assets/Assets/camahospi 1.fbx using Guid(950c65bd15d0a164e9d45872b02c8ab7) Importer(815301076,1909f56bfc062723c751e8b465ee728b)  -> (artifact id: '63284f3b1eae435915b0ec7741ca5d32') in 0.038462 seconds 
========================================================================
Received Import Request.
  Time since last request: 6.917031 seconds.
  path: Assets/Assets/camahospi 1.fbx
  artifactKey: Guid(950c65bd15d0a164e9d45872b02c8ab7) Importer(815301076,1909f56bfc062723c751e8b465ee728b)
Start importing Assets/Assets/camahospi 1.fbx using Guid(950c65bd15d0a164e9d45872b02c8ab7) Importer(815301076,1909f56bfc062723c751e8b465ee728b)  -> (artifact id: '5bf81039e356a594e8dbfffdadd777fc') in 0.018053 seconds 
========================================================================
Received Import Request.
  Time since last request: 153.769996 seconds.
  path: Assets/Prefabs/Sala9.prefab
  artifactKey: Guid(730e67111f1afd64384e94d2d6a1fa46) Importer(815301076,1909f56bfc062723c751e8b465ee728b)
Start importing Assets/Prefabs/Sala9.prefab using Guid(730e67111f1afd64384e94d2d6a1fa46) Importer(815301076,1909f56bfc062723c751e8b465ee728b)  -> (artifact id: '32b588ee1f9df46fc54c6310601256df') in 0.079880 seconds 
========================================================================
Received Import Request.
  Time since last request: 67.700420 seconds.
  path: Assets/Prefabs/Sala.prefab
  artifactKey: Guid(22e052832211c314eb729d0d2ec0cc84) Importer(815301076,1909f56bfc062723c751e8b465ee728b)
Start importing Assets/Prefabs/Sala.prefab using Guid(22e052832211c314eb729d0d2ec0cc84) Importer(815301076,1909f56bfc062723c751e8b465ee728b)  -> (artifact id: 'cc1d8047832944c2ed4201557861f2f9') in 0.035035 seconds 
========================================================================
Received Import Request.
  Time since last request: 373.065748 seconds.
  path: Assets/Assets/mesaofi.fbx
  artifactKey: Guid(dfab2e97e28f0af46bdd36490ab74405) Importer(815301076,1909f56bfc062723c751e8b465ee728b)
Start importing Assets/Assets/mesaofi.fbx using Guid(dfab2e97e28f0af46bdd36490ab74405) Importer(815301076,1909f56bfc062723c751e8b465ee728b)  -> (artifact id: 'e2fbba592701cfe71717a5a23ab4e830') in 0.024230 seconds 
========================================================================
Received Import Request.
  Time since last request: 7.450648 seconds.
  path: Assets/Assets/silladeruedas.fbx
  artifactKey: Guid(fd5519bdff48aae4593798c79fe34a91) Importer(815301076,1909f56bfc062723c751e8b465ee728b)
Start importing Assets/Assets/silladeruedas.fbx using Guid(fd5519bdff48aae4593798c79fe34a91) Importer(815301076,1909f56bfc062723c751e8b465ee728b)  -> (artifact id: '54224b3bddc533250cffa626bab51fc4') in 0.017821 seconds 
========================================================================
Received Import Request.
  Time since last request: 5.933648 seconds.
  path: Assets/Assets/mesaofi.fbx
  artifactKey: Guid(dfab2e97e28f0af46bdd36490ab74405) Importer(815301076,1909f56bfc062723c751e8b465ee728b)
Start importing Assets/Assets/mesaofi.fbx using Guid(dfab2e97e28f0af46bdd36490ab74405) Importer(815301076,1909f56bfc062723c751e8b465ee728b)  -> (artifact id: '715d526b1e64c908961c44246e8ab7c7') in 0.017893 seconds 
========================================================================
Received Import Request.
  Time since last request: 7.163312 seconds.
  path: Assets/Prefabs/Sala 1.prefab
  artifactKey: Guid(b381992fbe0613b478c38df392a59a41) Importer(815301076,1909f56bfc062723c751e8b465ee728b)
Start importing Assets/Prefabs/Sala 1.prefab using Guid(b381992fbe0613b478c38df392a59a41) Importer(815301076,1909f56bfc062723c751e8b465ee728b)  -> (artifact id: '7a484d50b66fdc55eb704c53025ed6fe') in 0.035542 seconds 
========================================================================
Received Import Request.
  Time since last request: 56.936898 seconds.
  path: Assets/Prefabs/Sala.prefab
  artifactKey: Guid(22e052832211c314eb729d0d2ec0cc84) Importer(815301076,1909f56bfc062723c751e8b465ee728b)
Start importing Assets/Prefabs/Sala.prefab using Guid(22e052832211c314eb729d0d2ec0cc84) Importer(815301076,1909f56bfc062723c751e8b465ee728b)  -> (artifact id: 'eaa4113a9c42b8bfaa839e411e8a93bc') in 0.041870 seconds 
========================================================================
Received Import Request.
  Time since last request: 10.827659 seconds.
  path: Assets/Prefabs/Sala 1.prefab
  artifactKey: Guid(b381992fbe0613b478c38df392a59a41) Importer(815301076,1909f56bfc062723c751e8b465ee728b)
Start importing Assets/Prefabs/Sala 1.prefab using Guid(b381992fbe0613b478c38df392a59a41) Importer(815301076,1909f56bfc062723c751e8b465ee728b)  -> (artifact id: '79198684bf5478b270d0949b5cb896da') in 0.029775 seconds 
========================================================================
Received Import Request.
  Time since last request: 2.852667 seconds.
  path: Assets/Prefabs/Sala 1.prefab
  artifactKey: Guid(b381992fbe0613b478c38df392a59a41) Importer(815301076,1909f56bfc062723c751e8b465ee728b)
Start importing Assets/Prefabs/Sala 1.prefab using Guid(b381992fbe0613b478c38df392a59a41) Importer(815301076,1909f56bfc062723c751e8b465ee728b)  -> (artifact id: '2cef4af5b93fd7d00b5727dceaa494fc') in 0.031080 seconds 
========================================================================
Received Import Request.
  Time since last request: 77.943962 seconds.
  path: Assets/Prefabs/Sala8.prefab
  artifactKey: Guid(5336e91fb8edfa64f83a062c59370b50) Importer(815301076,1909f56bfc062723c751e8b465ee728b)
Start importing Assets/Prefabs/Sala8.prefab using Guid(5336e91fb8edfa64f83a062c59370b50) Importer(815301076,1909f56bfc062723c751e8b465ee728b)  -> (artifact id: '61d4f309c64a458f6e1b97d12ebb27be') in 0.040828 seconds 
========================================================================
Received Import Request.
  Time since last request: 11.085178 seconds.
  path: Assets/Prefabs/Sala9.prefab
  artifactKey: Guid(730e67111f1afd64384e94d2d6a1fa46) Importer(815301076,1909f56bfc062723c751e8b465ee728b)
Start importing Assets/Prefabs/Sala9.prefab using Guid(730e67111f1afd64384e94d2d6a1fa46) Importer(815301076,1909f56bfc062723c751e8b465ee728b)  -> (artifact id: 'bd107ca715dcf486a1470920cf63ff8f') in 0.037414 seconds 
========================================================================
Received Import Request.
  Time since last request: 3.902663 seconds.
  path: Assets/Prefabs/Sala9.prefab
  artifactKey: Guid(730e67111f1afd64384e94d2d6a1fa46) Importer(815301076,1909f56bfc062723c751e8b465ee728b)
Start importing Assets/Prefabs/Sala9.prefab using Guid(730e67111f1afd64384e94d2d6a1fa46) Importer(815301076,1909f56bfc062723c751e8b465ee728b)  -> (artifact id: 'a464b003d582473dc9d366d2e54396d4') in 0.032671 seconds 
========================================================================
Received Import Request.
  Time since last request: 36.731555 seconds.
  path: Assets/Prefabs/Sala9.prefab
  artifactKey: Guid(730e67111f1afd64384e94d2d6a1fa46) Importer(815301076,1909f56bfc062723c751e8b465ee728b)
Start importing Assets/Prefabs/Sala9.prefab using Guid(730e67111f1afd64384e94d2d6a1fa46) Importer(815301076,1909f56bfc062723c751e8b465ee728b)  -> (artifact id: '8082aa9a749884e7d99c0eb4e21e9a9e') in 0.039332 seconds 
========================================================================
Received Import Request.
  Time since last request: 1.763416 seconds.
  path: Assets/Prefabs/Sala9.prefab
  artifactKey: Guid(730e67111f1afd64384e94d2d6a1fa46) Importer(815301076,1909f56bfc062723c751e8b465ee728b)
Start importing Assets/Prefabs/Sala9.prefab using Guid(730e67111f1afd64384e94d2d6a1fa46) Importer(815301076,1909f56bfc062723c751e8b465ee728b)  -> (artifact id: 'eac77ab54c6ad9889f37dc718e4ccf4c') in 0.033258 seconds 
========================================================================
Received Prepare
Registering precompiled user dll's ...
Registered in 0.012169 seconds.
Begin MonoManager ReloadAssembly
Symbol file LoadedFromMemory doesn't match image C:\Users\dan20\Desktop\Daniel Luque\Personal\UEM\2º\Proyecto de Videojuegos 2\GIT Proyecto\spookyjobs\Library\PackageCache\com.unity.visualscripting@1.8.0\Editor\VisualScripting.Core\Dependencies\YamlDotNet\Unity.VisualScripting.YamlDotNet.dll
Symbol file LoadedFromMemory doesn't match image C:\Users\dan20\Desktop\Daniel Luque\Personal\UEM\2º\Proyecto de Videojuegos 2\GIT Proyecto\spookyjobs\Library\PackageCache\com.unity.visualscripting@1.8.0\Editor\VisualScripting.Core\Dependencies\DotNetZip\Unity.VisualScripting.IonicZip.dll
Native extension for WindowsStandalone target not found
Native extension for WebGL target not found
Refreshing native plugins compatible for Editor in 0.98 ms, found 4 plugins.
Preloading 0 native plugins for Editor in 0.00 ms.
Mono: successfully reloaded assembly
- Completed reload, in  1.773 seconds
Domain Reload Profiling:
	ReloadAssembly (1774ms)
		BeginReloadAssembly (259ms)
			ExecutionOrderSort (0ms)
			DisableScriptedObjects (8ms)
			BackupInstance (0ms)
			ReleaseScriptingObjects (0ms)
			CreateAndSetChildDomain (90ms)
		EndReloadAssembly (1330ms)
			LoadAssemblies (163ms)
			RebuildTransferFunctionScriptingTraits (0ms)
			SetupTypeCache (456ms)
			ReleaseScriptCaches (2ms)
			RebuildScriptCaches (79ms)
			SetupLoadedEditorAssemblies (576ms)
				LogAssemblyErrors (0ms)
				InitializePlatformSupportModulesInManaged (25ms)
				SetLoadedEditorAssemblies (1ms)
				RefreshPlugins (1ms)
				BeforeProcessingInitializeOnLoad (141ms)
				ProcessInitializeOnLoadAttributes (345ms)
				ProcessInitializeOnLoadMethodAttributes (50ms)
				AfterProcessingInitializeOnLoad (13ms)
				EditorAssembliesLoaded (0ms)
			ExecutionOrderSort2 (0ms)
			AwakeInstancesAfterBackupRestoration (12ms)
Platform modules already initialized, skipping
Refreshing native plugins compatible for Editor in 5.13 ms, found 4 plugins.
Preloading 0 native plugins for Editor in 0.00 ms.
Unloading 3903 Unused Serialized files (Serialized files now loaded: 0)
Unloading 27 unused Assets / (82.0 KB). Loaded Objects now: 4447.
Memory consumption went from 158.0 MB to 157.9 MB.
Total: 4.591400 ms (FindLiveObjects: 0.484100 ms CreateObjectMapping: 0.357700 ms MarkObjects: 3.585900 ms  DeleteObjects: 0.162000 ms)

AssetImportParameters requested are different than current active one (requested -> active):
  custom:video-decoder-ogg-theora: a1e56fd34408186e4bbccfd4996cb3dc -> 
  custom:container-muxer-webm: aa71ff27fc2769a1b78a27578f13a17b -> 
  custom:container-demuxer-webm: 4f35f7cbe854078d1ac9338744f61a02 -> 
  custom:video-encoder-webm-vp8: eb34c28f22e8b96e1ab97ce403110664 -> 
  custom:audio-encoder-webm-vorbis: bf7c407c2cedff20999df2af8eb42d56 -> 
  custom:framework-win-MediaFoundation: 216162199b28c13a410421893ffa2e32 -> 
  custom:container-demuxer-ogg: 62fdf1f143b41e24485cea50d1cbac27 -> 
  custom:video-decoder-webm-vp8: 9c59270c3fd7afecdb556c50c9e8de78 -> 
  custom:audio-decoder-ogg-vorbis: bf7c407c2cedff20999df2af8eb42d56 -> 
